{"/Users/sherlock/Desktop/jobly-stuff/react-jobly/backend/app.js":{"path":"/Users/sherlock/Desktop/jobly-stuff/react-jobly/backend/app.js","s":{"1":1,"2":1,"3":1,"4":1,"5":1,"6":1,"7":1,"8":1,"9":1,"10":1,"11":1,"12":1,"13":1,"14":1,"15":1,"16":1,"17":0,"18":0,"19":0,"20":1,"21":0,"22":0,"23":0,"24":0,"25":1},"b":{"1":[0,0],"2":[0,0]},"f":{"1":0,"2":0},"fnMap":{"1":{"name":"(anonymous_1)","line":28,"loc":{"start":{"line":28,"column":8},"end":{"line":28,"column":34}}},"2":{"name":"(anonymous_2)","line":38,"loc":{"start":{"line":38,"column":8},"end":{"line":38,"column":39}}}},"statementMap":{"1":{"start":{"line":4,"column":0},"end":{"line":4,"column":35}},"2":{"start":{"line":5,"column":0},"end":{"line":5,"column":22}},"3":{"start":{"line":6,"column":0},"end":{"line":6,"column":29}},"4":{"start":{"line":7,"column":0},"end":{"line":7,"column":24}},"5":{"start":{"line":8,"column":0},"end":{"line":8,"column":16}},"6":{"start":{"line":12,"column":0},"end":{"line":12,"column":33}},"7":{"start":{"line":13,"column":0},"end":{"line":13,"column":24}},"8":{"start":{"line":16,"column":0},"end":{"line":16,"column":46}},"9":{"start":{"line":17,"column":0},"end":{"line":17,"column":54}},"10":{"start":{"line":18,"column":0},"end":{"line":18,"column":44}},"11":{"start":{"line":19,"column":0},"end":{"line":19,"column":44}},"12":{"start":{"line":21,"column":0},"end":{"line":21,"column":39}},"13":{"start":{"line":22,"column":0},"end":{"line":22,"column":29}},"14":{"start":{"line":23,"column":0},"end":{"line":23,"column":31}},"15":{"start":{"line":24,"column":0},"end":{"line":24,"column":25}},"16":{"start":{"line":28,"column":0},"end":{"line":34,"column":3}},"17":{"start":{"line":29,"column":2},"end":{"line":29,"column":37}},"18":{"start":{"line":30,"column":2},"end":{"line":30,"column":19}},"19":{"start":{"line":33,"column":2},"end":{"line":33,"column":19}},"20":{"start":{"line":38,"column":0},"end":{"line":47,"column":3}},"21":{"start":{"line":39,"column":2},"end":{"line":39,"column":40}},"22":{"start":{"line":39,"column":17},"end":{"line":39,"column":40}},"23":{"start":{"line":41,"column":2},"end":{"line":41,"column":32}},"24":{"start":{"line":43,"column":2},"end":{"line":46,"column":5}},"25":{"start":{"line":50,"column":0},"end":{"line":50,"column":21}}},"branchMap":{"1":{"line":39,"type":"if","locations":[{"start":{"line":39,"column":2},"end":{"line":39,"column":2}},{"start":{"line":39,"column":2},"end":{"line":39,"column":2}}]},"2":{"line":41,"type":"binary-expr","locations":[{"start":{"line":41,"column":13},"end":{"line":41,"column":23}},{"start":{"line":41,"column":27},"end":{"line":41,"column":30}}]}}},"/Users/sherlock/Desktop/jobly-stuff/react-jobly/backend/middleware/auth.js":{"path":"/Users/sherlock/Desktop/jobly-stuff/react-jobly/backend/middleware/auth.js","s":{"1":1,"2":1,"3":1,"4":0,"5":0,"6":0,"7":0,"8":0,"9":0,"10":0,"11":0,"12":0,"13":1,"14":0,"15":0,"16":0,"17":0,"18":0,"19":0,"20":0,"21":0,"22":0,"23":0,"24":1,"25":0,"26":0,"27":0,"28":0,"29":0,"30":0,"31":0,"32":0,"33":0,"34":0,"35":1},"b":{"1":[0,0],"2":[0,0],"3":[0,0],"4":[0,0]},"f":{"1":0,"2":0,"3":0},"fnMap":{"1":{"name":"authRequired","line":14,"loc":{"start":{"line":14,"column":0},"end":{"line":14,"column":38}}},"2":{"name":"adminRequired","line":36,"loc":{"start":{"line":36,"column":0},"end":{"line":36,"column":39}}},"3":{"name":"ensureCorrectUser","line":66,"loc":{"start":{"line":66,"column":0},"end":{"line":66,"column":43}}}},"statementMap":{"1":{"start":{"line":3,"column":0},"end":{"line":3,"column":36}},"2":{"start":{"line":4,"column":0},"end":{"line":4,"column":40}},"3":{"start":{"line":14,"column":0},"end":{"line":26,"column":1}},"4":{"start":{"line":15,"column":2},"end":{"line":25,"column":3}},"5":{"start":{"line":16,"column":4},"end":{"line":16,"column":57}},"6":{"start":{"line":17,"column":4},"end":{"line":17,"column":37}},"7":{"start":{"line":18,"column":4},"end":{"line":18,"column":45}},"8":{"start":{"line":19,"column":4},"end":{"line":19,"column":34}},"9":{"start":{"line":20,"column":4},"end":{"line":20,"column":18}},"10":{"start":{"line":22,"column":4},"end":{"line":22,"column":65}},"11":{"start":{"line":23,"column":4},"end":{"line":23,"column":30}},"12":{"start":{"line":24,"column":4},"end":{"line":24,"column":30}},"13":{"start":{"line":36,"column":0},"end":{"line":55,"column":1}},"14":{"start":{"line":37,"column":2},"end":{"line":54,"column":3}},"15":{"start":{"line":38,"column":4},"end":{"line":38,"column":37}},"16":{"start":{"line":40,"column":4},"end":{"line":40,"column":45}},"17":{"start":{"line":41,"column":4},"end":{"line":41,"column":34}},"18":{"start":{"line":43,"column":4},"end":{"line":45,"column":5}},"19":{"start":{"line":44,"column":6},"end":{"line":44,"column":20}},"20":{"start":{"line":48,"column":4},"end":{"line":48,"column":22}},"21":{"start":{"line":50,"column":4},"end":{"line":50,"column":70}},"22":{"start":{"line":51,"column":4},"end":{"line":51,"column":30}},"23":{"start":{"line":53,"column":4},"end":{"line":53,"column":30}},"24":{"start":{"line":66,"column":0},"end":{"line":85,"column":1}},"25":{"start":{"line":67,"column":2},"end":{"line":84,"column":3}},"26":{"start":{"line":68,"column":4},"end":{"line":68,"column":57}},"27":{"start":{"line":70,"column":4},"end":{"line":70,"column":45}},"28":{"start":{"line":71,"column":4},"end":{"line":71,"column":34}},"29":{"start":{"line":73,"column":4},"end":{"line":75,"column":5}},"30":{"start":{"line":74,"column":6},"end":{"line":74,"column":20}},"31":{"start":{"line":78,"column":4},"end":{"line":78,"column":22}},"32":{"start":{"line":80,"column":4},"end":{"line":80,"column":62}},"33":{"start":{"line":81,"column":4},"end":{"line":81,"column":30}},"34":{"start":{"line":83,"column":4},"end":{"line":83,"column":30}},"35":{"start":{"line":87,"column":0},"end":{"line":91,"column":2}}},"branchMap":{"1":{"line":16,"type":"binary-expr","locations":[{"start":{"line":16,"column":21},"end":{"line":16,"column":36}},{"start":{"line":16,"column":40},"end":{"line":16,"column":56}}]},"2":{"line":43,"type":"if","locations":[{"start":{"line":43,"column":4},"end":{"line":43,"column":4}},{"start":{"line":43,"column":4},"end":{"line":43,"column":4}}]},"3":{"line":68,"type":"binary-expr","locations":[{"start":{"line":68,"column":21},"end":{"line":68,"column":36}},{"start":{"line":68,"column":40},"end":{"line":68,"column":56}}]},"4":{"line":73,"type":"if","locations":[{"start":{"line":73,"column":4},"end":{"line":73,"column":4}},{"start":{"line":73,"column":4},"end":{"line":73,"column":4}}]}}},"/Users/sherlock/Desktop/jobly-stuff/react-jobly/backend/config.js":{"path":"/Users/sherlock/Desktop/jobly-stuff/react-jobly/backend/config.js","s":{"1":1,"2":1,"3":1,"4":1,"5":1,"6":0,"7":1,"8":1},"b":{"1":[1,1],"2":[1,1],"3":[0,1],"4":[1,1]},"f":{},"fnMap":{},"statementMap":{"1":{"start":{"line":3,"column":0},"end":{"line":3,"column":27}},"2":{"start":{"line":5,"column":0},"end":{"line":5,"column":48}},"3":{"start":{"line":7,"column":0},"end":{"line":7,"column":39}},"4":{"start":{"line":15,"column":0},"end":{"line":15,"column":11}},"5":{"start":{"line":17,"column":0},"end":{"line":21,"column":1}},"6":{"start":{"line":18,"column":2},"end":{"line":18,"column":24}},"7":{"start":{"line":20,"column":2},"end":{"line":20,"column":47}},"8":{"start":{"line":23,"column":0},"end":{"line":27,"column":2}}},"branchMap":{"1":{"line":5,"type":"binary-expr","locations":[{"start":{"line":5,"column":15},"end":{"line":5,"column":37}},{"start":{"line":5,"column":41},"end":{"line":5,"column":47}}]},"2":{"line":7,"type":"binary-expr","locations":[{"start":{"line":7,"column":13},"end":{"line":7,"column":30}},{"start":{"line":7,"column":34},"end":{"line":7,"column":38}}]},"3":{"line":17,"type":"if","locations":[{"start":{"line":17,"column":0},"end":{"line":17,"column":0}},{"start":{"line":17,"column":0},"end":{"line":17,"column":0}}]},"4":{"line":20,"type":"binary-expr","locations":[{"start":{"line":20,"column":11},"end":{"line":20,"column":35}},{"start":{"line":20,"column":39},"end":{"line":20,"column":46}}]}}},"/Users/sherlock/Desktop/jobly-stuff/react-jobly/backend/db.js":{"path":"/Users/sherlock/Desktop/jobly-stuff/react-jobly/backend/db.js","s":{"1":1,"2":1,"3":1,"4":1,"5":1},"b":{},"f":{},"fnMap":{},"statementMap":{"1":{"start":{"line":4,"column":0},"end":{"line":4,"column":33}},"2":{"start":{"line":5,"column":0},"end":{"line":5,"column":39}},"3":{"start":{"line":7,"column":0},"end":{"line":9,"column":3}},"4":{"start":{"line":11,"column":0},"end":{"line":11,"column":17}},"5":{"start":{"line":14,"column":0},"end":{"line":14,"column":24}}},"branchMap":{}},"/Users/sherlock/Desktop/jobly-stuff/react-jobly/backend/helpers/partialUpdate.js":{"path":"/Users/sherlock/Desktop/jobly-stuff/react-jobly/backend/helpers/partialUpdate.js","s":{"1":1,"2":0,"3":0,"4":0,"5":0,"6":0,"7":0,"8":0,"9":0,"10":0,"11":0,"12":0,"13":0,"14":0,"15":1},"b":{"1":[0,0]},"f":{"1":0},"fnMap":{"1":{"name":"sqlForPartialUpdate","line":14,"loc":{"start":{"line":14,"column":0},"end":{"line":14,"column":52}}}},"statementMap":{"1":{"start":{"line":14,"column":0},"end":{"line":41,"column":1}},"2":{"start":{"line":18,"column":2},"end":{"line":18,"column":14}},"3":{"start":{"line":19,"column":2},"end":{"line":19,"column":19}},"4":{"start":{"line":22,"column":2},"end":{"line":26,"column":3}},"5":{"start":{"line":23,"column":4},"end":{"line":25,"column":5}},"6":{"start":{"line":24,"column":6},"end":{"line":24,"column":23}},"7":{"start":{"line":28,"column":2},"end":{"line":31,"column":3}},"8":{"start":{"line":29,"column":4},"end":{"line":29,"column":38}},"9":{"start":{"line":30,"column":4},"end":{"line":30,"column":13}},"10":{"start":{"line":34,"column":2},"end":{"line":34,"column":32}},"11":{"start":{"line":35,"column":2},"end":{"line":35,"column":77}},"12":{"start":{"line":37,"column":2},"end":{"line":37,"column":36}},"13":{"start":{"line":38,"column":2},"end":{"line":38,"column":18}},"14":{"start":{"line":40,"column":2},"end":{"line":40,"column":25}},"15":{"start":{"line":44,"column":0},"end":{"line":44,"column":37}}},"branchMap":{"1":{"line":23,"type":"if","locations":[{"start":{"line":23,"column":4},"end":{"line":23,"column":4}},{"start":{"line":23,"column":4},"end":{"line":23,"column":4}}]}}},"/Users/sherlock/Desktop/jobly-stuff/react-jobly/backend/schemas/index.js":{"path":"/Users/sherlock/Desktop/jobly-stuff/react-jobly/backend/schemas/index.js","s":{"1":1,"2":1,"3":1,"4":1,"5":1,"6":1,"7":1},"b":{},"f":{},"fnMap":{},"statementMap":{"1":{"start":{"line":1,"column":0},"end":{"line":1,"column":51}},"2":{"start":{"line":2,"column":0},"end":{"line":2,"column":57}},"3":{"start":{"line":3,"column":0},"end":{"line":3,"column":43}},"4":{"start":{"line":4,"column":0},"end":{"line":4,"column":49}},"5":{"start":{"line":5,"column":0},"end":{"line":5,"column":47}},"6":{"start":{"line":6,"column":0},"end":{"line":6,"column":45}},"7":{"start":{"line":7,"column":0},"end":{"line":7,"column":51}}},"branchMap":{}},"/Users/sherlock/Desktop/jobly-stuff/react-jobly/backend/helpers/createToken.js":{"path":"/Users/sherlock/Desktop/jobly-stuff/react-jobly/backend/helpers/createToken.js","s":{"1":1,"2":1,"3":1,"4":0,"5":0,"6":1},"b":{},"f":{"1":0},"fnMap":{"1":{"name":"createToken","line":7,"loc":{"start":{"line":7,"column":0},"end":{"line":7,"column":27}}}},"statementMap":{"1":{"start":{"line":1,"column":0},"end":{"line":1,"column":36}},"2":{"start":{"line":2,"column":0},"end":{"line":2,"column":40}},"3":{"start":{"line":7,"column":0},"end":{"line":14,"column":1}},"4":{"start":{"line":8,"column":2},"end":{"line":11,"column":4}},"5":{"start":{"line":13,"column":2},"end":{"line":13,"column":35}},"6":{"start":{"line":17,"column":0},"end":{"line":17,"column":29}}},"branchMap":{}}}