TN:
SF:/Users/sherlock/Desktop/jobly-stuff/react-jobly/backend/app.js
FN:28,(anonymous_1)
FN:38,(anonymous_2)
FNF:2
FNH:0
FNDA:0,(anonymous_1)
FNDA:0,(anonymous_2)
DA:4,1
DA:5,1
DA:6,1
DA:7,1
DA:8,1
DA:12,1
DA:13,1
DA:16,1
DA:17,1
DA:18,1
DA:19,1
DA:21,1
DA:22,1
DA:23,1
DA:24,1
DA:28,1
DA:29,0
DA:30,0
DA:33,0
DA:38,1
DA:39,0
DA:41,0
DA:43,0
DA:50,1
LF:24
LH:18
BRDA:39,1,0,0
BRDA:39,1,1,0
BRDA:41,2,0,0
BRDA:41,2,1,0
BRF:4
BRH:0
end_of_record
TN:
SF:/Users/sherlock/Desktop/jobly-stuff/react-jobly/backend/middleware/auth.js
FN:14,authRequired
FN:36,adminRequired
FN:66,ensureCorrectUser
FNF:3
FNH:0
FNDA:0,authRequired
FNDA:0,adminRequired
FNDA:0,ensureCorrectUser
DA:3,1
DA:4,1
DA:14,1
DA:15,0
DA:16,0
DA:17,0
DA:18,0
DA:19,0
DA:20,0
DA:22,0
DA:23,0
DA:24,0
DA:36,1
DA:37,0
DA:38,0
DA:40,0
DA:41,0
DA:43,0
DA:44,0
DA:48,0
DA:50,0
DA:51,0
DA:53,0
DA:66,1
DA:67,0
DA:68,0
DA:70,0
DA:71,0
DA:73,0
DA:74,0
DA:78,0
DA:80,0
DA:81,0
DA:83,0
DA:87,1
LF:35
LH:6
BRDA:16,1,0,0
BRDA:16,1,1,0
BRDA:43,2,0,0
BRDA:43,2,1,0
BRDA:68,3,0,0
BRDA:68,3,1,0
BRDA:73,4,0,0
BRDA:73,4,1,0
BRF:8
BRH:0
end_of_record
TN:
SF:/Users/sherlock/Desktop/jobly-stuff/react-jobly/backend/config.js
FNF:0
FNH:0
DA:3,1
DA:5,1
DA:7,1
DA:15,1
DA:17,1
DA:18,0
DA:20,1
DA:23,1
LF:8
LH:7
BRDA:5,1,0,1
BRDA:5,1,1,1
BRDA:7,2,0,1
BRDA:7,2,1,1
BRDA:17,3,0,0
BRDA:17,3,1,1
BRDA:20,4,0,1
BRDA:20,4,1,1
BRF:8
BRH:7
end_of_record
TN:
SF:/Users/sherlock/Desktop/jobly-stuff/react-jobly/backend/db.js
FNF:0
FNH:0
DA:4,1
DA:5,1
DA:7,1
DA:11,1
DA:14,1
LF:5
LH:5
BRF:0
BRH:0
end_of_record
TN:
SF:/Users/sherlock/Desktop/jobly-stuff/react-jobly/backend/helpers/partialUpdate.js
FN:14,sqlForPartialUpdate
FNF:1
FNH:0
FNDA:0,sqlForPartialUpdate
DA:14,1
DA:18,0
DA:19,0
DA:22,0
DA:23,0
DA:24,0
DA:28,0
DA:29,0
DA:30,0
DA:34,0
DA:35,0
DA:37,0
DA:38,0
DA:40,0
DA:44,1
LF:15
LH:2
BRDA:23,1,0,0
BRDA:23,1,1,0
BRF:2
BRH:0
end_of_record
TN:
SF:/Users/sherlock/Desktop/jobly-stuff/react-jobly/backend/schemas/index.js
FNF:0
FNH:0
DA:1,1
DA:2,1
DA:3,1
DA:4,1
DA:5,1
DA:6,1
DA:7,1
LF:7
LH:7
BRF:0
BRH:0
end_of_record
TN:
SF:/Users/sherlock/Desktop/jobly-stuff/react-jobly/backend/helpers/createToken.js
FN:7,createToken
FNF:1
FNH:0
FNDA:0,createToken
DA:1,1
DA:2,1
DA:7,1
DA:8,0
DA:13,0
DA:17,1
LF:6
LH:4
BRF:0
BRH:0
end_of_record
